<?xml version="1.0" encoding="UTF-8"?>
<testsuite xmlns:xsi="http://www.w3.org/2001/XMLSchema-instance" xsi:noNamespaceSchemaLocation="https://maven.apache.org/surefire/maven-surefire-plugin/xsd/surefire-test-report.xsd" name="org.thebreak.roombooking.payment.service.PaymentServiceImplTest" time="0.005" tests="1" errors="0" skipped="0" failures="0">
  <properties>
    <property name="gopherProxySet" value="false"/>
    <property name="awt.toolkit" value="sun.lwawt.macosx.LWCToolkit"/>
    <property name="file.encoding.pkg" value="sun.io"/>
    <property name="java.specification.version" value="1.8"/>
    <property name="sun.cpu.isalist" value=""/>
    <property name="sun.jnu.encoding" value="UTF-8"/>
    <property name="java.class.path" value="/Users/sam/IdeaProjects/roombooking/roombooking-payment/target/test-classes:/Users/sam/IdeaProjects/roombooking/roombooking-payment/target/classes:/Users/sam/IdeaProjects/roombooking/roombooking-common/target/roombooking-common-1.0-SNAPSHOT.jar:/Users/sam/.m2/repository/org/projectlombok/lombok/1.18.20/lombok-1.18.20.jar:/Users/sam/.m2/repository/org/springframework/data/spring-data-commons/2.4.11/spring-data-commons-2.4.11.jar:/Users/sam/.m2/repository/org/springframework/spring-beans/5.3.9/spring-beans-5.3.9.jar:/Users/sam/.m2/repository/org/slf4j/slf4j-api/1.7.32/slf4j-api-1.7.32.jar:/Users/sam/.m2/repository/org/springframework/boot/spring-boot-starter/2.4.9/spring-boot-starter-2.4.9.jar:/Users/sam/.m2/repository/org/springframework/boot/spring-boot/2.4.9/spring-boot-2.4.9.jar:/Users/sam/.m2/repository/org/springframework/spring-context/5.3.9/spring-context-5.3.9.jar:/Users/sam/.m2/repository/org/springframework/boot/spring-boot-autoconfigure/2.4.9/spring-boot-autoconfigure-2.4.9.jar:/Users/sam/.m2/repository/org/springframework/boot/spring-boot-starter-logging/2.4.9/spring-boot-starter-logging-2.4.9.jar:/Users/sam/.m2/repository/ch/qos/logback/logback-classic/1.2.4/logback-classic-1.2.4.jar:/Users/sam/.m2/repository/ch/qos/logback/logback-core/1.2.4/logback-core-1.2.4.jar:/Users/sam/.m2/repository/org/apache/logging/log4j/log4j-to-slf4j/2.13.3/log4j-to-slf4j-2.13.3.jar:/Users/sam/.m2/repository/org/apache/logging/log4j/log4j-api/2.13.3/log4j-api-2.13.3.jar:/Users/sam/.m2/repository/org/slf4j/jul-to-slf4j/1.7.32/jul-to-slf4j-1.7.32.jar:/Users/sam/.m2/repository/jakarta/annotation/jakarta.annotation-api/1.3.5/jakarta.annotation-api-1.3.5.jar:/Users/sam/.m2/repository/org/springframework/spring-core/5.3.9/spring-core-5.3.9.jar:/Users/sam/.m2/repository/org/springframework/spring-jcl/5.3.9/spring-jcl-5.3.9.jar:/Users/sam/.m2/repository/org/yaml/snakeyaml/1.27/snakeyaml-1.27.jar:/Users/sam/.m2/repository/org/springframework/boot/spring-boot-starter-web/2.4.9/spring-boot-starter-web-2.4.9.jar:/Users/sam/.m2/repository/org/springframework/boot/spring-boot-starter-json/2.4.9/spring-boot-starter-json-2.4.9.jar:/Users/sam/.m2/repository/com/fasterxml/jackson/core/jackson-databind/2.11.4/jackson-databind-2.11.4.jar:/Users/sam/.m2/repository/com/fasterxml/jackson/core/jackson-annotations/2.11.4/jackson-annotations-2.11.4.jar:/Users/sam/.m2/repository/com/fasterxml/jackson/datatype/jackson-datatype-jdk8/2.11.4/jackson-datatype-jdk8-2.11.4.jar:/Users/sam/.m2/repository/com/fasterxml/jackson/datatype/jackson-datatype-jsr310/2.11.4/jackson-datatype-jsr310-2.11.4.jar:/Users/sam/.m2/repository/com/fasterxml/jackson/module/jackson-module-parameter-names/2.11.4/jackson-module-parameter-names-2.11.4.jar:/Users/sam/.m2/repository/org/springframework/boot/spring-boot-starter-tomcat/2.4.9/spring-boot-starter-tomcat-2.4.9.jar:/Users/sam/.m2/repository/org/apache/tomcat/embed/tomcat-embed-core/9.0.50/tomcat-embed-core-9.0.50.jar:/Users/sam/.m2/repository/org/glassfish/jakarta.el/3.0.3/jakarta.el-3.0.3.jar:/Users/sam/.m2/repository/org/apache/tomcat/embed/tomcat-embed-websocket/9.0.50/tomcat-embed-websocket-9.0.50.jar:/Users/sam/.m2/repository/org/springframework/spring-web/5.3.9/spring-web-5.3.9.jar:/Users/sam/.m2/repository/org/springframework/spring-webmvc/5.3.9/spring-webmvc-5.3.9.jar:/Users/sam/.m2/repository/org/springframework/spring-aop/5.3.9/spring-aop-5.3.9.jar:/Users/sam/.m2/repository/org/springframework/spring-expression/5.3.9/spring-expression-5.3.9.jar:/Users/sam/.m2/repository/org/springframework/boot/spring-boot-starter-data-mongodb/2.4.9/spring-boot-starter-data-mongodb-2.4.9.jar:/Users/sam/.m2/repository/org/mongodb/mongodb-driver-sync/4.1.2/mongodb-driver-sync-4.1.2.jar:/Users/sam/.m2/repository/org/mongodb/bson/4.1.2/bson-4.1.2.jar:/Users/sam/.m2/repository/org/mongodb/mongodb-driver-core/4.1.2/mongodb-driver-core-4.1.2.jar:/Users/sam/.m2/repository/org/springframework/data/spring-data-mongodb/3.1.11/spring-data-mongodb-3.1.11.jar:/Users/sam/.m2/repository/org/springframework/spring-tx/5.3.9/spring-tx-5.3.9.jar:/Users/sam/.m2/repository/com/braintreepayments/gateway/braintree-java/3.12.0/braintree-java-3.12.0.jar:/Users/sam/.m2/repository/org/junit/vintage/junit-vintage-engine/5.7.2/junit-vintage-engine-5.7.2.jar:/Users/sam/.m2/repository/org/apiguardian/apiguardian-api/1.1.0/apiguardian-api-1.1.0.jar:/Users/sam/.m2/repository/org/junit/platform/junit-platform-engine/1.7.2/junit-platform-engine-1.7.2.jar:/Users/sam/.m2/repository/org/opentest4j/opentest4j/1.2.0/opentest4j-1.2.0.jar:/Users/sam/.m2/repository/org/junit/platform/junit-platform-commons/1.7.2/junit-platform-commons-1.7.2.jar:/Users/sam/.m2/repository/junit/junit/4.13.2/junit-4.13.2.jar:/Users/sam/.m2/repository/org/hamcrest/hamcrest-core/2.2/hamcrest-core-2.2.jar:/Users/sam/.m2/repository/org/hamcrest/hamcrest/2.2/hamcrest-2.2.jar:/Users/sam/.m2/repository/org/osgi/org.osgi.core/4.2.0/org.osgi.core-4.2.0.jar:/Users/sam/.m2/repository/com/fasterxml/jackson/jr/jackson-jr-objects/2.11.4/jackson-jr-objects-2.11.4.jar:/Users/sam/.m2/repository/com/fasterxml/jackson/core/jackson-core/2.11.4/jackson-core-2.11.4.jar:/Users/sam/.m2/repository/org/apache/commons/commons-csv/1.8/commons-csv-1.8.jar:/Users/sam/.m2/repository/org/springdoc/springdoc-openapi-ui/1.5.9/springdoc-openapi-ui-1.5.9.jar:/Users/sam/.m2/repository/org/springdoc/springdoc-openapi-webmvc-core/1.5.9/springdoc-openapi-webmvc-core-1.5.9.jar:/Users/sam/.m2/repository/org/springdoc/springdoc-openapi-common/1.5.9/springdoc-openapi-common-1.5.9.jar:/Users/sam/.m2/repository/io/swagger/core/v3/swagger-models/2.1.9/swagger-models-2.1.9.jar:/Users/sam/.m2/repository/io/swagger/core/v3/swagger-annotations/2.1.9/swagger-annotations-2.1.9.jar:/Users/sam/.m2/repository/io/swagger/core/v3/swagger-integration/2.1.9/swagger-integration-2.1.9.jar:/Users/sam/.m2/repository/io/swagger/core/v3/swagger-core/2.1.9/swagger-core-2.1.9.jar:/Users/sam/.m2/repository/jakarta/xml/bind/jakarta.xml.bind-api/2.3.3/jakarta.xml.bind-api-2.3.3.jar:/Users/sam/.m2/repository/jakarta/activation/jakarta.activation-api/1.2.2/jakarta.activation-api-1.2.2.jar:/Users/sam/.m2/repository/com/fasterxml/jackson/dataformat/jackson-dataformat-yaml/2.11.4/jackson-dataformat-yaml-2.11.4.jar:/Users/sam/.m2/repository/jakarta/validation/jakarta.validation-api/2.0.2/jakarta.validation-api-2.0.2.jar:/Users/sam/.m2/repository/io/github/classgraph/classgraph/4.8.69/classgraph-4.8.69.jar:/Users/sam/.m2/repository/org/apache/commons/commons-lang3/3.11/commons-lang3-3.11.jar:/Users/sam/.m2/repository/org/webjars/swagger-ui/3.49.0/swagger-ui-3.49.0.jar:/Users/sam/.m2/repository/org/webjars/webjars-locator-core/0.46/webjars-locator-core-0.46.jar:/Users/sam/.m2/repository/org/springframework/cloud/spring-cloud-starter-sleuth/3.0.3/spring-cloud-starter-sleuth-3.0.3.jar:/Users/sam/.m2/repository/org/springframework/cloud/spring-cloud-starter/3.0.3/spring-cloud-starter-3.0.3.jar:/Users/sam/.m2/repository/org/springframework/cloud/spring-cloud-context/3.0.3/spring-cloud-context-3.0.3.jar:/Users/sam/.m2/repository/org/springframework/security/spring-security-crypto/5.4.7/spring-security-crypto-5.4.7.jar:/Users/sam/.m2/repository/org/springframework/cloud/spring-cloud-commons/3.0.3/spring-cloud-commons-3.0.3.jar:/Users/sam/.m2/repository/org/springframework/security/spring-security-rsa/1.0.10.RELEASE/spring-security-rsa-1.0.10.RELEASE.jar:/Users/sam/.m2/repository/org/bouncycastle/bcpkix-jdk15on/1.68/bcpkix-jdk15on-1.68.jar:/Users/sam/.m2/repository/org/bouncycastle/bcprov-jdk15on/1.68/bcprov-jdk15on-1.68.jar:/Users/sam/.m2/repository/org/springframework/boot/spring-boot-starter-aop/2.4.9/spring-boot-starter-aop-2.4.9.jar:/Users/sam/.m2/repository/org/aspectj/aspectjweaver/1.9.7/aspectjweaver-1.9.7.jar:/Users/sam/.m2/repository/org/springframework/cloud/spring-cloud-sleuth-autoconfigure/3.0.3/spring-cloud-sleuth-autoconfigure-3.0.3.jar:/Users/sam/.m2/repository/org/springframework/cloud/spring-cloud-sleuth-instrumentation/3.0.3/spring-cloud-sleuth-instrumentation-3.0.3.jar:/Users/sam/.m2/repository/org/springframework/cloud/spring-cloud-sleuth-api/3.0.3/spring-cloud-sleuth-api-3.0.3.jar:/Users/sam/.m2/repository/org/aspectj/aspectjrt/1.9.7/aspectjrt-1.9.7.jar:/Users/sam/.m2/repository/org/springframework/cloud/spring-cloud-sleuth-brave/3.0.3/spring-cloud-sleuth-brave-3.0.3.jar:/Users/sam/.m2/repository/io/zipkin/brave/brave/5.13.2/brave-5.13.2.jar:/Users/sam/.m2/repository/io/zipkin/brave/brave-context-slf4j/5.13.2/brave-context-slf4j-5.13.2.jar:/Users/sam/.m2/repository/io/zipkin/brave/brave-instrumentation-messaging/5.13.2/brave-instrumentation-messaging-5.13.2.jar:/Users/sam/.m2/repository/io/zipkin/brave/brave-instrumentation-rpc/5.13.2/brave-instrumentation-rpc-5.13.2.jar:/Users/sam/.m2/repository/io/zipkin/brave/brave-instrumentation-spring-rabbit/5.13.2/brave-instrumentation-spring-rabbit-5.13.2.jar:/Users/sam/.m2/repository/io/zipkin/brave/brave-instrumentation-kafka-clients/5.13.2/brave-instrumentation-kafka-clients-5.13.2.jar:/Users/sam/.m2/repository/io/zipkin/brave/brave-instrumentation-kafka-streams/5.13.2/brave-instrumentation-kafka-streams-5.13.2.jar:/Users/sam/.m2/repository/io/zipkin/brave/brave-instrumentation-httpclient/5.13.2/brave-instrumentation-httpclient-5.13.2.jar:/Users/sam/.m2/repository/io/zipkin/brave/brave-instrumentation-http/5.13.2/brave-instrumentation-http-5.13.2.jar:/Users/sam/.m2/repository/io/zipkin/brave/brave-instrumentation-httpasyncclient/5.13.2/brave-instrumentation-httpasyncclient-5.13.2.jar:/Users/sam/.m2/repository/io/zipkin/brave/brave-instrumentation-jms/5.13.2/brave-instrumentation-jms-5.13.2.jar:/Users/sam/.m2/repository/io/zipkin/brave/brave-instrumentation-mongodb/5.13.2/brave-instrumentation-mongodb-5.13.2.jar:/Users/sam/.m2/repository/io/zipkin/aws/brave-propagation-aws/0.21.3/brave-propagation-aws-0.21.3.jar:/Users/sam/.m2/repository/io/zipkin/reporter2/zipkin-reporter-metrics-micrometer/2.16.1/zipkin-reporter-metrics-micrometer-2.16.1.jar:/Users/sam/.m2/repository/io/zipkin/reporter2/zipkin-reporter/2.16.1/zipkin-reporter-2.16.1.jar:/Users/sam/.m2/repository/io/zipkin/zipkin2/zipkin/2.23.0/zipkin-2.23.0.jar:"/>
    <property name="java.vm.vendor" value="Oracle Corporation"/>
    <property name="sun.arch.data.model" value="64"/>
    <property name="java.vendor.url" value="http://java.oracle.com/"/>
    <property name="user.timezone" value=""/>
    <property name="java.vm.specification.version" value="1.8"/>
    <property name="os.name" value="Mac OS X"/>
    <property name="user.country" value="AU"/>
    <property name="sun.java.launcher" value="SUN_STANDARD"/>
    <property name="sun.boot.library.path" value="/Library/Java/JavaVirtualMachines/jdk1.8.0_271.jdk/Contents/Home/jre/lib"/>
    <property name="sun.java.command" value="/Users/sam/IdeaProjects/roombooking/roombooking-payment/target/surefire/surefirebooter2264851079548754855.jar /Users/sam/IdeaProjects/roombooking/roombooking-payment/target/surefire 2021-09-09T12-21-45_756-jvmRun1 surefire2648649345137228844tmp surefire_01006086032069026007tmp"/>
    <property name="http.nonProxyHosts" value="local|*.local|169.254/16|*.169.254/16"/>
    <property name="surefire.test.class.path" value="/Users/sam/IdeaProjects/roombooking/roombooking-payment/target/test-classes:/Users/sam/IdeaProjects/roombooking/roombooking-payment/target/classes:/Users/sam/IdeaProjects/roombooking/roombooking-common/target/roombooking-common-1.0-SNAPSHOT.jar:/Users/sam/.m2/repository/org/projectlombok/lombok/1.18.20/lombok-1.18.20.jar:/Users/sam/.m2/repository/org/springframework/data/spring-data-commons/2.4.11/spring-data-commons-2.4.11.jar:/Users/sam/.m2/repository/org/springframework/spring-beans/5.3.9/spring-beans-5.3.9.jar:/Users/sam/.m2/repository/org/slf4j/slf4j-api/1.7.32/slf4j-api-1.7.32.jar:/Users/sam/.m2/repository/org/springframework/boot/spring-boot-starter/2.4.9/spring-boot-starter-2.4.9.jar:/Users/sam/.m2/repository/org/springframework/boot/spring-boot/2.4.9/spring-boot-2.4.9.jar:/Users/sam/.m2/repository/org/springframework/spring-context/5.3.9/spring-context-5.3.9.jar:/Users/sam/.m2/repository/org/springframework/boot/spring-boot-autoconfigure/2.4.9/spring-boot-autoconfigure-2.4.9.jar:/Users/sam/.m2/repository/org/springframework/boot/spring-boot-starter-logging/2.4.9/spring-boot-starter-logging-2.4.9.jar:/Users/sam/.m2/repository/ch/qos/logback/logback-classic/1.2.4/logback-classic-1.2.4.jar:/Users/sam/.m2/repository/ch/qos/logback/logback-core/1.2.4/logback-core-1.2.4.jar:/Users/sam/.m2/repository/org/apache/logging/log4j/log4j-to-slf4j/2.13.3/log4j-to-slf4j-2.13.3.jar:/Users/sam/.m2/repository/org/apache/logging/log4j/log4j-api/2.13.3/log4j-api-2.13.3.jar:/Users/sam/.m2/repository/org/slf4j/jul-to-slf4j/1.7.32/jul-to-slf4j-1.7.32.jar:/Users/sam/.m2/repository/jakarta/annotation/jakarta.annotation-api/1.3.5/jakarta.annotation-api-1.3.5.jar:/Users/sam/.m2/repository/org/springframework/spring-core/5.3.9/spring-core-5.3.9.jar:/Users/sam/.m2/repository/org/springframework/spring-jcl/5.3.9/spring-jcl-5.3.9.jar:/Users/sam/.m2/repository/org/yaml/snakeyaml/1.27/snakeyaml-1.27.jar:/Users/sam/.m2/repository/org/springframework/boot/spring-boot-starter-web/2.4.9/spring-boot-starter-web-2.4.9.jar:/Users/sam/.m2/repository/org/springframework/boot/spring-boot-starter-json/2.4.9/spring-boot-starter-json-2.4.9.jar:/Users/sam/.m2/repository/com/fasterxml/jackson/core/jackson-databind/2.11.4/jackson-databind-2.11.4.jar:/Users/sam/.m2/repository/com/fasterxml/jackson/core/jackson-annotations/2.11.4/jackson-annotations-2.11.4.jar:/Users/sam/.m2/repository/com/fasterxml/jackson/datatype/jackson-datatype-jdk8/2.11.4/jackson-datatype-jdk8-2.11.4.jar:/Users/sam/.m2/repository/com/fasterxml/jackson/datatype/jackson-datatype-jsr310/2.11.4/jackson-datatype-jsr310-2.11.4.jar:/Users/sam/.m2/repository/com/fasterxml/jackson/module/jackson-module-parameter-names/2.11.4/jackson-module-parameter-names-2.11.4.jar:/Users/sam/.m2/repository/org/springframework/boot/spring-boot-starter-tomcat/2.4.9/spring-boot-starter-tomcat-2.4.9.jar:/Users/sam/.m2/repository/org/apache/tomcat/embed/tomcat-embed-core/9.0.50/tomcat-embed-core-9.0.50.jar:/Users/sam/.m2/repository/org/glassfish/jakarta.el/3.0.3/jakarta.el-3.0.3.jar:/Users/sam/.m2/repository/org/apache/tomcat/embed/tomcat-embed-websocket/9.0.50/tomcat-embed-websocket-9.0.50.jar:/Users/sam/.m2/repository/org/springframework/spring-web/5.3.9/spring-web-5.3.9.jar:/Users/sam/.m2/repository/org/springframework/spring-webmvc/5.3.9/spring-webmvc-5.3.9.jar:/Users/sam/.m2/repository/org/springframework/spring-aop/5.3.9/spring-aop-5.3.9.jar:/Users/sam/.m2/repository/org/springframework/spring-expression/5.3.9/spring-expression-5.3.9.jar:/Users/sam/.m2/repository/org/springframework/boot/spring-boot-starter-data-mongodb/2.4.9/spring-boot-starter-data-mongodb-2.4.9.jar:/Users/sam/.m2/repository/org/mongodb/mongodb-driver-sync/4.1.2/mongodb-driver-sync-4.1.2.jar:/Users/sam/.m2/repository/org/mongodb/bson/4.1.2/bson-4.1.2.jar:/Users/sam/.m2/repository/org/mongodb/mongodb-driver-core/4.1.2/mongodb-driver-core-4.1.2.jar:/Users/sam/.m2/repository/org/springframework/data/spring-data-mongodb/3.1.11/spring-data-mongodb-3.1.11.jar:/Users/sam/.m2/repository/org/springframework/spring-tx/5.3.9/spring-tx-5.3.9.jar:/Users/sam/.m2/repository/com/braintreepayments/gateway/braintree-java/3.12.0/braintree-java-3.12.0.jar:/Users/sam/.m2/repository/org/junit/vintage/junit-vintage-engine/5.7.2/junit-vintage-engine-5.7.2.jar:/Users/sam/.m2/repository/org/apiguardian/apiguardian-api/1.1.0/apiguardian-api-1.1.0.jar:/Users/sam/.m2/repository/org/junit/platform/junit-platform-engine/1.7.2/junit-platform-engine-1.7.2.jar:/Users/sam/.m2/repository/org/opentest4j/opentest4j/1.2.0/opentest4j-1.2.0.jar:/Users/sam/.m2/repository/org/junit/platform/junit-platform-commons/1.7.2/junit-platform-commons-1.7.2.jar:/Users/sam/.m2/repository/junit/junit/4.13.2/junit-4.13.2.jar:/Users/sam/.m2/repository/org/hamcrest/hamcrest-core/2.2/hamcrest-core-2.2.jar:/Users/sam/.m2/repository/org/hamcrest/hamcrest/2.2/hamcrest-2.2.jar:/Users/sam/.m2/repository/org/osgi/org.osgi.core/4.2.0/org.osgi.core-4.2.0.jar:/Users/sam/.m2/repository/com/fasterxml/jackson/jr/jackson-jr-objects/2.11.4/jackson-jr-objects-2.11.4.jar:/Users/sam/.m2/repository/com/fasterxml/jackson/core/jackson-core/2.11.4/jackson-core-2.11.4.jar:/Users/sam/.m2/repository/org/apache/commons/commons-csv/1.8/commons-csv-1.8.jar:/Users/sam/.m2/repository/org/springdoc/springdoc-openapi-ui/1.5.9/springdoc-openapi-ui-1.5.9.jar:/Users/sam/.m2/repository/org/springdoc/springdoc-openapi-webmvc-core/1.5.9/springdoc-openapi-webmvc-core-1.5.9.jar:/Users/sam/.m2/repository/org/springdoc/springdoc-openapi-common/1.5.9/springdoc-openapi-common-1.5.9.jar:/Users/sam/.m2/repository/io/swagger/core/v3/swagger-models/2.1.9/swagger-models-2.1.9.jar:/Users/sam/.m2/repository/io/swagger/core/v3/swagger-annotations/2.1.9/swagger-annotations-2.1.9.jar:/Users/sam/.m2/repository/io/swagger/core/v3/swagger-integration/2.1.9/swagger-integration-2.1.9.jar:/Users/sam/.m2/repository/io/swagger/core/v3/swagger-core/2.1.9/swagger-core-2.1.9.jar:/Users/sam/.m2/repository/jakarta/xml/bind/jakarta.xml.bind-api/2.3.3/jakarta.xml.bind-api-2.3.3.jar:/Users/sam/.m2/repository/jakarta/activation/jakarta.activation-api/1.2.2/jakarta.activation-api-1.2.2.jar:/Users/sam/.m2/repository/com/fasterxml/jackson/dataformat/jackson-dataformat-yaml/2.11.4/jackson-dataformat-yaml-2.11.4.jar:/Users/sam/.m2/repository/jakarta/validation/jakarta.validation-api/2.0.2/jakarta.validation-api-2.0.2.jar:/Users/sam/.m2/repository/io/github/classgraph/classgraph/4.8.69/classgraph-4.8.69.jar:/Users/sam/.m2/repository/org/apache/commons/commons-lang3/3.11/commons-lang3-3.11.jar:/Users/sam/.m2/repository/org/webjars/swagger-ui/3.49.0/swagger-ui-3.49.0.jar:/Users/sam/.m2/repository/org/webjars/webjars-locator-core/0.46/webjars-locator-core-0.46.jar:/Users/sam/.m2/repository/org/springframework/cloud/spring-cloud-starter-sleuth/3.0.3/spring-cloud-starter-sleuth-3.0.3.jar:/Users/sam/.m2/repository/org/springframework/cloud/spring-cloud-starter/3.0.3/spring-cloud-starter-3.0.3.jar:/Users/sam/.m2/repository/org/springframework/cloud/spring-cloud-context/3.0.3/spring-cloud-context-3.0.3.jar:/Users/sam/.m2/repository/org/springframework/security/spring-security-crypto/5.4.7/spring-security-crypto-5.4.7.jar:/Users/sam/.m2/repository/org/springframework/cloud/spring-cloud-commons/3.0.3/spring-cloud-commons-3.0.3.jar:/Users/sam/.m2/repository/org/springframework/security/spring-security-rsa/1.0.10.RELEASE/spring-security-rsa-1.0.10.RELEASE.jar:/Users/sam/.m2/repository/org/bouncycastle/bcpkix-jdk15on/1.68/bcpkix-jdk15on-1.68.jar:/Users/sam/.m2/repository/org/bouncycastle/bcprov-jdk15on/1.68/bcprov-jdk15on-1.68.jar:/Users/sam/.m2/repository/org/springframework/boot/spring-boot-starter-aop/2.4.9/spring-boot-starter-aop-2.4.9.jar:/Users/sam/.m2/repository/org/aspectj/aspectjweaver/1.9.7/aspectjweaver-1.9.7.jar:/Users/sam/.m2/repository/org/springframework/cloud/spring-cloud-sleuth-autoconfigure/3.0.3/spring-cloud-sleuth-autoconfigure-3.0.3.jar:/Users/sam/.m2/repository/org/springframework/cloud/spring-cloud-sleuth-instrumentation/3.0.3/spring-cloud-sleuth-instrumentation-3.0.3.jar:/Users/sam/.m2/repository/org/springframework/cloud/spring-cloud-sleuth-api/3.0.3/spring-cloud-sleuth-api-3.0.3.jar:/Users/sam/.m2/repository/org/aspectj/aspectjrt/1.9.7/aspectjrt-1.9.7.jar:/Users/sam/.m2/repository/org/springframework/cloud/spring-cloud-sleuth-brave/3.0.3/spring-cloud-sleuth-brave-3.0.3.jar:/Users/sam/.m2/repository/io/zipkin/brave/brave/5.13.2/brave-5.13.2.jar:/Users/sam/.m2/repository/io/zipkin/brave/brave-context-slf4j/5.13.2/brave-context-slf4j-5.13.2.jar:/Users/sam/.m2/repository/io/zipkin/brave/brave-instrumentation-messaging/5.13.2/brave-instrumentation-messaging-5.13.2.jar:/Users/sam/.m2/repository/io/zipkin/brave/brave-instrumentation-rpc/5.13.2/brave-instrumentation-rpc-5.13.2.jar:/Users/sam/.m2/repository/io/zipkin/brave/brave-instrumentation-spring-rabbit/5.13.2/brave-instrumentation-spring-rabbit-5.13.2.jar:/Users/sam/.m2/repository/io/zipkin/brave/brave-instrumentation-kafka-clients/5.13.2/brave-instrumentation-kafka-clients-5.13.2.jar:/Users/sam/.m2/repository/io/zipkin/brave/brave-instrumentation-kafka-streams/5.13.2/brave-instrumentation-kafka-streams-5.13.2.jar:/Users/sam/.m2/repository/io/zipkin/brave/brave-instrumentation-httpclient/5.13.2/brave-instrumentation-httpclient-5.13.2.jar:/Users/sam/.m2/repository/io/zipkin/brave/brave-instrumentation-http/5.13.2/brave-instrumentation-http-5.13.2.jar:/Users/sam/.m2/repository/io/zipkin/brave/brave-instrumentation-httpasyncclient/5.13.2/brave-instrumentation-httpasyncclient-5.13.2.jar:/Users/sam/.m2/repository/io/zipkin/brave/brave-instrumentation-jms/5.13.2/brave-instrumentation-jms-5.13.2.jar:/Users/sam/.m2/repository/io/zipkin/brave/brave-instrumentation-mongodb/5.13.2/brave-instrumentation-mongodb-5.13.2.jar:/Users/sam/.m2/repository/io/zipkin/aws/brave-propagation-aws/0.21.3/brave-propagation-aws-0.21.3.jar:/Users/sam/.m2/repository/io/zipkin/reporter2/zipkin-reporter-metrics-micrometer/2.16.1/zipkin-reporter-metrics-micrometer-2.16.1.jar:/Users/sam/.m2/repository/io/zipkin/reporter2/zipkin-reporter/2.16.1/zipkin-reporter-2.16.1.jar:/Users/sam/.m2/repository/io/zipkin/zipkin2/zipkin/2.23.0/zipkin-2.23.0.jar:"/>
    <property name="sun.cpu.endian" value="little"/>
    <property name="user.home" value="/Users/sam"/>
    <property name="user.language" value="en"/>
    <property name="java.specification.vendor" value="Oracle Corporation"/>
    <property name="java.home" value="/Library/Java/JavaVirtualMachines/jdk1.8.0_271.jdk/Contents/Home/jre"/>
    <property name="basedir" value="/Users/sam/IdeaProjects/roombooking/roombooking-payment"/>
    <property name="file.separator" value="/"/>
    <property name="line.separator" value="&#10;"/>
    <property name="java.vm.specification.vendor" value="Oracle Corporation"/>
    <property name="java.specification.name" value="Java Platform API Specification"/>
    <property name="java.awt.graphicsenv" value="sun.awt.CGraphicsEnvironment"/>
    <property name="surefire.real.class.path" value="/Users/sam/IdeaProjects/roombooking/roombooking-payment/target/surefire/surefirebooter2264851079548754855.jar"/>
    <property name="sun.boot.class.path" value="/Library/Java/JavaVirtualMachines/jdk1.8.0_271.jdk/Contents/Home/jre/lib/resources.jar:/Library/Java/JavaVirtualMachines/jdk1.8.0_271.jdk/Contents/Home/jre/lib/rt.jar:/Library/Java/JavaVirtualMachines/jdk1.8.0_271.jdk/Contents/Home/jre/lib/sunrsasign.jar:/Library/Java/JavaVirtualMachines/jdk1.8.0_271.jdk/Contents/Home/jre/lib/jsse.jar:/Library/Java/JavaVirtualMachines/jdk1.8.0_271.jdk/Contents/Home/jre/lib/jce.jar:/Library/Java/JavaVirtualMachines/jdk1.8.0_271.jdk/Contents/Home/jre/lib/charsets.jar:/Library/Java/JavaVirtualMachines/jdk1.8.0_271.jdk/Contents/Home/jre/lib/jfr.jar:/Library/Java/JavaVirtualMachines/jdk1.8.0_271.jdk/Contents/Home/jre/classes"/>
    <property name="sun.management.compiler" value="HotSpot 64-Bit Tiered Compilers"/>
    <property name="ftp.nonProxyHosts" value="local|*.local|169.254/16|*.169.254/16"/>
    <property name="java.runtime.version" value="1.8.0_271-b09"/>
    <property name="user.name" value="sam"/>
    <property name="path.separator" value=":"/>
    <property name="os.version" value="10.16"/>
    <property name="java.endorsed.dirs" value="/Library/Java/JavaVirtualMachines/jdk1.8.0_271.jdk/Contents/Home/jre/lib/endorsed"/>
    <property name="java.runtime.name" value="Java(TM) SE Runtime Environment"/>
    <property name="file.encoding" value="UTF-8"/>
    <property name="java.vm.name" value="Java HotSpot(TM) 64-Bit Server VM"/>
    <property name="localRepository" value="/Users/sam/.m2/repository"/>
    <property name="java.vendor.url.bug" value="http://bugreport.sun.com/bugreport/"/>
    <property name="java.io.tmpdir" value="/var/folders/z9/yd5jl7yj5vl_9c7rq70x0v_r0000gn/T/"/>
    <property name="idea.version" value="2020.3.3"/>
    <property name="java.version" value="1.8.0_271"/>
    <property name="user.dir" value="/Users/sam/IdeaProjects/roombooking/roombooking-payment"/>
    <property name="os.arch" value="x86_64"/>
    <property name="java.vm.specification.name" value="Java Virtual Machine Specification"/>
    <property name="java.awt.printerjob" value="sun.lwawt.macosx.CPrinterJob"/>
    <property name="sun.os.patch.level" value="unknown"/>
    <property name="java.library.path" value="/Users/sam/Library/Java/Extensions:/Library/Java/Extensions:/Network/Library/Java/Extensions:/System/Library/Java/Extensions:/usr/lib/java:."/>
    <property name="java.vm.info" value="mixed mode"/>
    <property name="java.vendor" value="Oracle Corporation"/>
    <property name="java.vm.version" value="25.271-b09"/>
    <property name="java.ext.dirs" value="/Users/sam/Library/Java/Extensions:/Library/Java/JavaVirtualMachines/jdk1.8.0_271.jdk/Contents/Home/jre/lib/ext:/Library/Java/Extensions:/Network/Library/Java/Extensions:/System/Library/Java/Extensions:/usr/lib/java"/>
    <property name="sun.io.unicode.encoding" value="UnicodeBig"/>
    <property name="java.class.version" value="52.0"/>
    <property name="socksNonProxyHosts" value="local|*.local|169.254/16|*.169.254/16"/>
  </properties>
  <testcase name="testFindTotalAmountByTypeAndDateRange" classname="org.thebreak.roombooking.payment.service.PaymentServiceImplTest" time="0.001"/>
</testsuite>